{
  "RSpec": {
    "coverage": {
      "/Users/scott/Documents/Software/suitesparse-matrix-collection-website/spec/controllers/groups_controller_spec.rb": [
        1,
        null,
        1,
        null,
        null
      ],
      "/Users/scott/Documents/Software/suitesparse-matrix-collection-website/spec/rails_helper.rb": [
        null,
        1,
        1,
        null,
        1,
        1,
        1,
        null,
        null,
        null,
        null,
        null,
        null,
        null,
        null,
        null,
        null,
        null,
        null,
        null,
        null,
        null,
        null,
        null,
        null,
        null,
        null,
        1,
        null,
        1,
        null,
        1,
        null,
        null,
        null,
        null,
        1,
        null,
        null,
        null,
        null,
        null,
        null,
        null,
        null,
        null,
        null,
        null,
        null,
        null,
        null,
        1,
        null
      ],
      "/Users/scott/Documents/Software/suitesparse-matrix-collection-website/config/environment.rb": [
        null,
        1,
        null,
        null,
        1
      ],
      "/Users/scott/Documents/Software/suitesparse-matrix-collection-website/config/application.rb": [
        1,
        null,
        1,
        null,
        null,
        null,
        1,
        null,
        1,
        1,
        null,
        null,
        null,
        null,
        null,
        1,
        null,
        null
      ],
      "/Users/scott/Documents/Software/suitesparse-matrix-collection-website/config/boot.rb": [
        1,
        null,
        1
      ],
      "/Users/scott/Documents/Software/suitesparse-matrix-collection-website/config/environments/test.rb": [
        1,
        null,
        null,
        null,
        null,
        null,
        null,
        1,
        null,
        null,
        null,
        null,
        1,
        null,
        null,
        1,
        1,
        null,
        null,
        null,
        null,
        1,
        1,
        null,
        null,
        1,
        null,
        null,
        1,
        1,
        null,
        null,
        null,
        null,
        1,
        null,
        null,
        1,
        null,
        null,
        null,
        null
      ],
      "/Users/scott/Documents/Software/suitesparse-matrix-collection-website/config/initializers/application_controller_renderer.rb": [
        null,
        null,
        null,
        null,
        null,
        null
      ],
      "/Users/scott/Documents/Software/suitesparse-matrix-collection-website/config/initializers/assets.rb": [
        null,
        null,
        null,
        1,
        null,
        null,
        null,
        null,
        null,
        null,
        null,
        null,
        null,
        1
      ],
      "/Users/scott/Documents/Software/suitesparse-matrix-collection-website/config/initializers/backtrace_silencers.rb": [
        null,
        null,
        null,
        null,
        null,
        null,
        null
      ],
      "/Users/scott/Documents/Software/suitesparse-matrix-collection-website/config/initializers/cookies_serializer.rb": [
        null,
        null,
        null,
        null,
        1
      ],
      "/Users/scott/Documents/Software/suitesparse-matrix-collection-website/config/initializers/filter_parameter_logging.rb": [
        null,
        null,
        null,
        1
      ],
      "/Users/scott/Documents/Software/suitesparse-matrix-collection-website/config/initializers/inflections.rb": [
        null,
        null,
        null,
        null,
        null,
        null,
        null,
        null,
        null,
        null,
        null,
        null,
        null,
        null,
        null,
        null
      ],
      "/Users/scott/Documents/Software/suitesparse-matrix-collection-website/config/initializers/mime_types.rb": [
        null,
        null,
        null,
        null
      ],
      "/Users/scott/Documents/Software/suitesparse-matrix-collection-website/config/initializers/new_framework_defaults.rb": [
        null,
        null,
        null,
        null,
        null,
        null,
        null,
        null,
        null,
        1,
        null,
        null,
        1,
        null,
        null,
        null,
        1,
        null,
        null,
        1
      ],
      "/Users/scott/Documents/Software/suitesparse-matrix-collection-website/config/initializers/recaptcha.rb": [
        null,
        1,
        null,
        1,
        1,
        1,
        null,
        null,
        null
      ],
      "/Users/scott/Documents/Software/suitesparse-matrix-collection-website/config/initializers/session_store.rb": [
        null,
        null,
        1
      ],
      "/Users/scott/Documents/Software/suitesparse-matrix-collection-website/config/initializers/wrap_parameters.rb": [
        null,
        null,
        null,
        null,
        null,
        null,
        1,
        2,
        null,
        null,
        null,
        null,
        null,
        null
      ],
      "/Users/scott/Documents/Software/suitesparse-matrix-collection-website/config/routes.rb": [
        1,
        null,
        1,
        1,
        1,
        null,
        null,
        null,
        1,
        1,
        1,
        null,
        1,
        1,
        null,
        null,
        1,
        null,
        null,
        1,
        null,
        null,
        1,
        null,
        null,
        1,
        null,
        1,
        null
      ],
      "/Users/scott/Documents/Software/suitesparse-matrix-collection-website/app/helpers/application_helper.rb": [
        1,
        null,
        1,
        5,
        5,
        2,
        null,
        3,
        null,
        null,
        null,
        1,
        0,
        null,
        null,
        1,
        2,
        null,
        null,
        1,
        0,
        null,
        null,
        null,
        null,
        null,
        null,
        null
      ],
      "/Users/scott/Documents/Software/suitesparse-matrix-collection-website/app/helpers/groups_helper.rb": [
        1,
        null
      ],
      "/Users/scott/Documents/Software/suitesparse-matrix-collection-website/app/helpers/matrices_helper.rb": [
        1,
        null,
        null,
        null,
        1,
        8,
        8,
        1,
        null,
        8,
        null,
        null,
        null,
        1,
        null,
        1,
        1,
        null,
        0,
        null,
        1,
        null,
        null,
        null,
        1,
        1,
        null,
        null,
        null,
        1,
        0,
        0,
        0,
        null,
        null,
        null,
        1,
        null,
        null,
        1,
        32,
        32,
        32,
        56,
        null,
        32,
        null,
        null,
        1,
        2,
        2,
        null,
        null,
        0,
        0,
        null,
        0,
        0,
        0,
        0,
        0,
        0,
        null,
        null,
        0,
        null,
        null,
        1,
        0,
        null,
        0,
        null,
        0,
        null,
        0,
        null,
        0,
        null,
        0,
        null,
        0,
        null,
        0,
        null,
        0,
        null,
        0,
        null,
        null,
        1,
        0,
        null,
        null,
        1,
        0,
        null,
        null,
        1,
        0,
        null,
        null,
        1,
        0,
        null,
        null,
        1,
        0,
        null,
        null,
        1,
        0,
        null,
        null,
        1,
        0,
        null,
        null,
        null,
        1,
        17,
        null,
        1,
        null,
        1,
        null,
        1,
        null,
        1,
        null,
        1,
        null,
        1,
        null,
        1,
        null,
        1,
        null,
        1,
        null,
        1,
        null,
        1,
        null,
        1,
        null,
        1,
        null,
        1,
        null,
        1,
        null,
        1,
        null,
        1,
        null,
        0,
        null,
        17,
        null,
        null
      ],
      "/Users/scott/Documents/Software/suitesparse-matrix-collection-website/app/helpers/will_paginate_helper.rb": [
        null,
        null,
        1,
        null,
        null,
        1,
        null,
        null,
        1,
        null,
        null,
        null,
        0,
        null,
        null,
        0,
        null,
        null,
        null,
        null
      ],
      "/Users/scott/Documents/Software/suitesparse-matrix-collection-website/app/controllers/groups_controller.rb": [
        1,
        null,
        1,
        0,
        0,
        null,
        null,
        1,
        null,
        0,
        null,
        null,
        null,
        null,
        null,
        null,
        null,
        null,
        null,
        0,
        null,
        null,
        0,
        0,
        null,
        0,
        0,
        null,
        null,
        0,
        0,
        null,
        0,
        null,
        null,
        null,
        null,
        null,
        null,
        null,
        null,
        null,
        null
      ],
      "/Users/scott/Documents/Software/suitesparse-matrix-collection-website/app/controllers/application_controller.rb": [
        1,
        null,
        null,
        1,
        null
      ],
      "/Users/scott/Documents/Software/suitesparse-matrix-collection-website/spec/controllers/matrices_controller_spec.rb": [
        1,
        1,
        1,
        null,
        1,
        null,
        1,
        null,
        1,
        1,
        1,
        null,
        null,
        1,
        1,
        1,
        null,
        null,
        null,
        null,
        1,
        null,
        1,
        1,
        1,
        1,
        null,
        null,
        1,
        1,
        1,
        1,
        1,
        null,
        null,
        null,
        null,
        1,
        null,
        1,
        1,
        1,
        null,
        null,
        null,
        null,
        null
      ],
      "/Users/scott/Documents/Software/suitesparse-matrix-collection-website/spec/factories/matrix.rb": [
        1,
        1,
        null,
        null
      ],
      "/Users/scott/Documents/Software/suitesparse-matrix-collection-website/app/models/matrix.rb": [
        1,
        null,
        null,
        null,
        null,
        1,
        7,
        null,
        null,
        null,
        1,
        7,
        7,
        2,
        5,
        2,
        3,
        2,
        1,
        0,
        null,
        1,
        null,
        null,
        null,
        null,
        null,
        1,
        null,
        null,
        null,
        null,
        null,
        null,
        null,
        null,
        null,
        null,
        null,
        null,
        null,
        null,
        null,
        null,
        null,
        null,
        null,
        null,
        null,
        null,
        null,
        null,
        null,
        null,
        null,
        null,
        null,
        null,
        null,
        null,
        null,
        null,
        null,
        1,
        null,
        21,
        21,
        null,
        null,
        6,
        null,
        null,
        2,
        null,
        null,
        2,
        null,
        null,
        2,
        null,
        null,
        2,
        null,
        null,
        2,
        null,
        null,
        2,
        null,
        null,
        2,
        null,
        1,
        null,
        null,
        null,
        null,
        null,
        1,
        null,
        4,
        null,
        null,
        null,
        null,
        null,
        null,
        null,
        null,
        null,
        null,
        null,
        null,
        null,
        null,
        null,
        null,
        null,
        null,
        1,
        6,
        null,
        null,
        5,
        null,
        null,
        null,
        5,
        5,
        null,
        null,
        null,
        null,
        5,
        5,
        null,
        null,
        null,
        null,
        null,
        5,
        null,
        5,
        null,
        null,
        null,
        1,
        0,
        null,
        0,
        0,
        null,
        null,
        1,
        0,
        null,
        0,
        0,
        null,
        null,
        1,
        0,
        null,
        0,
        0,
        null,
        null,
        1,
        0,
        null,
        0,
        0,
        null,
        null,
        1,
        0,
        null,
        0,
        0,
        null,
        null,
        1,
        0,
        null,
        0,
        0,
        null,
        null,
        null,
        1,
        1,
        null,
        null,
        null,
        1,
        1,
        null,
        null,
        1,
        1,
        null,
        null,
        null,
        1,
        1,
        null,
        null,
        1,
        1,
        null,
        null,
        null,
        1,
        1,
        null,
        null,
        1,
        1,
        null,
        null,
        null,
        1,
        0,
        0,
        null,
        0,
        null,
        0,
        null,
        null,
        null,
        1,
        0,
        0,
        null,
        0,
        null,
        0,
        null,
        0,
        null,
        null,
        null,
        1,
        0,
        null,
        null,
        null,
        1,
        0,
        null,
        null,
        1,
        0,
        null,
        null,
        null,
        1,
        0,
        null,
        null,
        1,
        0,
        null,
        null,
        null,
        1,
        1,
        null,
        null,
        1,
        1,
        null,
        null,
        null,
        1,
        1,
        null,
        null,
        1,
        1,
        null,
        null,
        null,
        1,
        1,
        null,
        null,
        1,
        1,
        null,
        null,
        null,
        1,
        3,
        1,
        null,
        2,
        null,
        null,
        null,
        null,
        null,
        null
      ],
      "/Users/scott/Documents/Software/suitesparse-matrix-collection-website/spec/support/factory_bot.rb": [
        1,
        null,
        1,
        null,
        1,
        null,
        null,
        1,
        1,
        1,
        1,
        null,
        1,
        null,
        null,
        null
      ],
      "/Users/scott/Documents/Software/suitesparse-matrix-collection-website/app/controllers/matrices_controller.rb": [
        1,
        null,
        null,
        null,
        1,
        null,
        4,
        null,
        null,
        null,
        null,
        null,
        null,
        null,
        null,
        null,
        null,
        null,
        null,
        null,
        null,
        null,
        null,
        null,
        null,
        null,
        null,
        null,
        null,
        null,
        4,
        null,
        null,
        null,
        4,
        4,
        4,
        4,
        4,
        4,
        4,
        4,
        4,
        null,
        4,
        null,
        4,
        null,
        4,
        null,
        null,
        4,
        4,
        4,
        null,
        null,
        null,
        null,
        0,
        0,
        null,
        null,
        null,
        1,
        null,
        4,
        null,
        4,
        null,
        4,
        null,
        4,
        null,
        null,
        0,
        null,
        null,
        4,
        null,
        2,
        null,
        null,
        null,
        1,
        null,
        1,
        1,
        null,
        null,
        1,
        null,
        0,
        0,
        null,
        null,
        0,
        0,
        0,
        0,
        0,
        0,
        null,
        0,
        0,
        null,
        null,
        null,
        null
      ],
      "/Users/scott/Documents/Software/suitesparse-matrix-collection-website/spec/controllers/pages_controller_spec.rb": [
        1,
        null,
        1,
        null,
        1,
        null,
        1,
        1,
        1,
        null,
        null,
        null,
        null,
        null
      ],
      "/Users/scott/Documents/Software/suitesparse-matrix-collection-website/app/controllers/pages_controller.rb": [
        1,
        1,
        null,
        null,
        null,
        1,
        null,
        null,
        null
      ],
      "/Users/scott/Documents/Software/suitesparse-matrix-collection-website/spec/features/page_title_spec.rb": [
        1,
        1,
        null,
        1,
        null,
        1,
        1,
        1,
        1,
        1,
        null,
        null,
        1,
        1,
        1,
        1,
        null,
        null,
        1,
        1,
        1,
        null,
        null,
        1,
        1,
        1,
        null,
        null
      ],
      "/Users/scott/Documents/Software/suitesparse-matrix-collection-website/spec/helpers/groups_helper_spec.rb": [
        1,
        null,
        null,
        null,
        null,
        null,
        null,
        null,
        null,
        null,
        null,
        null,
        1,
        null,
        null
      ],
      "/Users/scott/Documents/Software/suitesparse-matrix-collection-website/spec/helpers/matrices_helper_spec.rb": [
        1,
        1,
        1,
        null,
        1,
        null,
        1,
        1,
        1,
        54,
        null,
        null,
        1,
        1,
        null,
        null,
        1,
        1,
        1,
        1,
        null,
        null,
        1,
        1,
        1,
        1,
        null,
        null,
        1,
        1,
        1,
        1,
        null,
        null,
        1,
        1,
        1,
        1,
        null,
        null,
        null,
        null,
        null
      ],
      "/Users/scott/Documents/Software/suitesparse-matrix-collection-website/spec/mailers/admin_notifier_spec.rb": [
        1,
        null,
        1,
        null,
        null
      ],
      "/Users/scott/Documents/Software/suitesparse-matrix-collection-website/app/mailers/admin_notifier_mailer.rb": [
        1,
        1,
        null,
        null,
        1,
        0,
        0,
        null,
        null,
        null,
        null,
        null,
        null,
        null,
        null
      ],
      "/Users/scott/Documents/Software/suitesparse-matrix-collection-website/app/mailers/application_mailer.rb": [
        1,
        null,
        null
      ],
      "/Users/scott/Documents/Software/suitesparse-matrix-collection-website/app/helpers/email_helpers.rb": [
        1,
        1,
        0,
        0,
        null,
        null
      ],
      "/Users/scott/Documents/Software/suitesparse-matrix-collection-website/spec/models/group_spec.rb": [
        1,
        null,
        1,
        null
      ],
      "/Users/scott/Documents/Software/suitesparse-matrix-collection-website/app/models/group.rb": [
        1,
        1,
        null
      ],
      "/Users/scott/Documents/Software/suitesparse-matrix-collection-website/app/models/application_record.rb": [
        1,
        1,
        null
      ],
      "/Users/scott/Documents/Software/suitesparse-matrix-collection-website/spec/models/matrix_spec.rb": [
        1,
        1,
        null,
        1,
        1,
        1,
        1,
        null,
        null,
        null,
        null,
        null,
        null,
        null,
        null,
        null,
        null,
        1,
        null,
        null,
        null,
        null,
        null,
        null,
        null,
        null,
        null,
        null,
        1,
        null,
        null,
        null,
        null,
        null,
        null,
        null,
        null,
        null,
        null,
        null,
        1,
        1,
        1,
        1,
        null,
        null,
        1,
        1,
        1,
        1,
        1,
        1,
        1,
        1,
        1,
        1,
        1,
        1,
        1,
        1,
        1,
        1,
        1,
        1,
        1,
        1,
        1,
        1,
        1,
        1,
        1,
        null,
        null,
        null,
        1,
        1,
        1,
        null,
        null,
        null,
        null,
        null,
        null,
        null,
        null,
        null,
        null,
        null,
        null,
        null,
        1,
        null,
        null,
        null,
        null,
        null,
        null,
        null,
        null,
        null,
        null,
        null,
        null,
        null,
        1,
        null,
        null,
        null,
        null,
        null,
        null,
        null,
        null,
        null,
        null,
        null,
        null,
        null,
        null,
        1,
        1,
        1,
        1,
        null,
        null,
        1,
        1,
        1,
        1,
        1,
        null,
        1,
        1,
        1,
        1,
        1,
        1,
        1,
        1,
        1,
        null,
        1,
        1,
        1,
        1,
        1,
        1,
        1,
        1,
        1,
        null,
        1,
        1,
        1,
        1,
        1,
        1,
        1,
        1,
        1,
        null,
        1,
        1,
        1,
        1,
        1,
        1,
        1,
        1,
        1,
        null,
        1,
        1,
        1,
        1,
        1,
        1,
        1,
        1,
        1,
        null,
        1,
        1,
        1,
        1,
        1,
        1,
        1,
        1,
        1,
        null,
        1,
        1,
        1,
        1,
        1,
        1,
        1,
        1,
        1,
        1,
        1,
        1,
        1,
        null,
        null,
        null,
        1,
        1,
        1,
        null,
        null,
        null,
        null,
        null,
        null,
        null,
        null,
        null,
        1,
        null,
        null,
        null,
        null,
        null,
        null,
        null,
        null,
        null,
        1,
        null,
        null,
        null,
        null,
        null,
        null,
        null,
        null,
        null,
        null,
        1,
        1,
        1,
        1,
        null,
        null,
        1,
        1,
        1,
        1,
        1,
        1,
        1,
        null,
        1,
        1,
        1,
        1,
        1,
        1,
        1,
        null,
        1,
        1,
        1,
        1,
        1,
        1,
        1,
        null,
        1,
        1,
        1,
        1,
        1,
        1,
        1,
        null,
        1,
        1,
        1,
        1,
        1,
        1,
        1,
        null,
        1,
        1,
        1,
        1,
        1,
        1,
        1,
        null,
        1,
        1,
        1,
        1,
        1,
        1,
        1,
        null,
        1,
        1,
        1,
        1,
        1,
        1,
        1,
        null,
        1,
        2,
        null,
        null,
        null,
        1,
        1,
        1,
        null,
        1,
        1,
        null,
        null,
        1,
        1,
        null,
        1,
        1,
        null,
        1,
        1,
        null,
        1,
        1,
        1,
        null,
        null,
        null,
        null
      ],
      "/Users/scott/Documents/Software/suitesparse-matrix-collection-website/app/models/submitted_matrix.rb": [
        1,
        1,
        1,
        null,
        null
      ]
    },
    "timestamp": 1540346668
  },
  "Cucumber Features": {
    "coverage": {
      "/Users/scott/Documents/Software/suitesparse-matrix-collection-website/config/environment.rb": [
        null,
        1,
        null,
        null,
        1
      ],
      "/Users/scott/Documents/Software/suitesparse-matrix-collection-website/config/application.rb": [
        1,
        null,
        1,
        null,
        null,
        null,
        1,
        null,
        1,
        1,
        null,
        null,
        null,
        null,
        null,
        1,
        null,
        null
      ],
      "/Users/scott/Documents/Software/suitesparse-matrix-collection-website/config/boot.rb": [
        1,
        null,
        1
      ],
      "/Users/scott/Documents/Software/suitesparse-matrix-collection-website/config/environments/test.rb": [
        1,
        null,
        null,
        null,
        null,
        null,
        null,
        1,
        null,
        null,
        null,
        null,
        1,
        null,
        null,
        1,
        1,
        null,
        null,
        null,
        null,
        1,
        1,
        null,
        null,
        1,
        null,
        null,
        1,
        1,
        null,
        null,
        null,
        null,
        1,
        null,
        null,
        1,
        null,
        null,
        null,
        null
      ],
      "/Users/scott/Documents/Software/suitesparse-matrix-collection-website/config/initializers/application_controller_renderer.rb": [
        null,
        null,
        null,
        null,
        null,
        null
      ],
      "/Users/scott/Documents/Software/suitesparse-matrix-collection-website/config/initializers/assets.rb": [
        null,
        null,
        null,
        1,
        null,
        null,
        null,
        null,
        null,
        null,
        null,
        null,
        null,
        1
      ],
      "/Users/scott/Documents/Software/suitesparse-matrix-collection-website/config/initializers/backtrace_silencers.rb": [
        null,
        null,
        null,
        null,
        null,
        null,
        null
      ],
      "/Users/scott/Documents/Software/suitesparse-matrix-collection-website/config/initializers/cookies_serializer.rb": [
        null,
        null,
        null,
        null,
        1
      ],
      "/Users/scott/Documents/Software/suitesparse-matrix-collection-website/config/initializers/filter_parameter_logging.rb": [
        null,
        null,
        null,
        1
      ],
      "/Users/scott/Documents/Software/suitesparse-matrix-collection-website/config/initializers/inflections.rb": [
        null,
        null,
        null,
        null,
        null,
        null,
        null,
        null,
        null,
        null,
        null,
        null,
        null,
        null,
        null,
        null
      ],
      "/Users/scott/Documents/Software/suitesparse-matrix-collection-website/config/initializers/mime_types.rb": [
        null,
        null,
        null,
        null
      ],
      "/Users/scott/Documents/Software/suitesparse-matrix-collection-website/config/initializers/new_framework_defaults.rb": [
        null,
        null,
        null,
        null,
        null,
        null,
        null,
        null,
        null,
        1,
        null,
        null,
        1,
        null,
        null,
        null,
        1,
        null,
        null,
        1
      ],
      "/Users/scott/Documents/Software/suitesparse-matrix-collection-website/config/initializers/recaptcha.rb": [
        null,
        1,
        null,
        1,
        1,
        1,
        null,
        null,
        null
      ],
      "/Users/scott/Documents/Software/suitesparse-matrix-collection-website/config/initializers/session_store.rb": [
        null,
        null,
        1
      ],
      "/Users/scott/Documents/Software/suitesparse-matrix-collection-website/config/initializers/wrap_parameters.rb": [
        null,
        null,
        null,
        null,
        null,
        null,
        1,
        2,
        null,
        null,
        null,
        null,
        null,
        null
      ],
      "/Users/scott/Documents/Software/suitesparse-matrix-collection-website/config/routes.rb": [
        1,
        null,
        1,
        1,
        1,
        null,
        null,
        null,
        1,
        1,
        1,
        null,
        1,
        1,
        null,
        null,
        1,
        null,
        null,
        1,
        null,
        null,
        1,
        null,
        null,
        1,
        null,
        1,
        null
      ],
      "/Users/scott/Documents/Software/suitesparse-matrix-collection-website/features/support/paths.rb": [
        null,
        null,
        null,
        null,
        null,
        1,
        null,
        null,
        null,
        null,
        null,
        null,
        1,
        6,
        null,
        null,
        4,
        null,
        1,
        null,
        0,
        null,
        0,
        null,
        1,
        null,
        null,
        null,
        null,
        null,
        null,
        null,
        null,
        0,
        0,
        0,
        0,
        0,
        0,
        null,
        null,
        null,
        null,
        null,
        null,
        1
      ],
      "/Users/scott/Documents/Software/suitesparse-matrix-collection-website/features/support/selectors.rb": [
        null,
        null,
        null,
        null,
        null,
        1,
        null,
        null,
        null,
        null,
        null,
        null,
        1,
        0,
        null,
        null,
        0,
        null,
        null,
        null,
        null,
        null,
        null,
        null,
        null,
        null,
        null,
        null,
        null,
        null,
        null,
        null,
        null,
        null,
        0,
        null,
        null,
        0,
        null,
        null,
        null,
        null,
        null,
        1
      ],
      "/Users/scott/Documents/Software/suitesparse-matrix-collection-website/features/step_definitions/download_steps.rb": [
        null,
        null,
        null,
        null,
        null,
        1,
        3,
        null,
        null,
        1,
        3,
        null
      ],
      "/Users/scott/Documents/Software/suitesparse-matrix-collection-website/features/step_definitions/filter_steps.rb": [
        1,
        0,
        null,
        null,
        1,
        2,
        null,
        null,
        1,
        0,
        null,
        null,
        1,
        3,
        null
      ],
      "/Users/scott/Documents/Software/suitesparse-matrix-collection-website/features/step_definitions/group_steps.rb": [
        1,
        1,
        1,
        1,
        null,
        null,
        1,
        1,
        3,
        null,
        null,
        null,
        1,
        1,
        30,
        30,
        null,
        null
      ],
      "/Users/scott/Documents/Software/suitesparse-matrix-collection-website/spec/factories/group.rb": [
        1,
        1,
        null,
        null
      ],
      "/Users/scott/Documents/Software/suitesparse-matrix-collection-website/app/models/group.rb": [
        1,
        1,
        null
      ],
      "/Users/scott/Documents/Software/suitesparse-matrix-collection-website/app/models/application_record.rb": [
        1,
        1,
        null
      ],
      "/Users/scott/Documents/Software/suitesparse-matrix-collection-website/features/step_definitions/index_pagination_steps.rb": [
        1,
        1,
        1,
        1,
        1,
        1,
        1,
        1,
        null,
        1,
        1,
        0,
        null,
        null,
        1,
        null,
        1,
        0,
        null,
        null,
        1,
        0,
        null,
        null,
        1,
        0,
        0,
        0,
        null,
        0,
        null,
        null,
        null,
        null,
        null,
        null,
        null,
        null,
        null,
        null,
        null,
        null,
        null,
        null,
        null,
        1,
        1,
        null,
        null,
        1,
        4,
        null,
        null,
        1,
        3,
        3,
        3,
        3,
        null,
        null,
        1,
        2,
        2,
        2,
        2,
        null,
        null,
        1,
        1,
        1,
        1,
        null,
        null,
        1,
        2,
        2,
        2,
        null,
        null,
        1,
        0,
        null,
        null,
        1,
        4,
        4,
        null,
        null,
        1,
        5,
        5,
        null
      ],
      "/Users/scott/Documents/Software/suitesparse-matrix-collection-website/spec/factories/matrix.rb": [
        1,
        1,
        null,
        null
      ],
      "/Users/scott/Documents/Software/suitesparse-matrix-collection-website/app/models/matrix.rb": [
        1,
        null,
        null,
        null,
        null,
        1,
        1497,
        null,
        null,
        null,
        1,
        1497,
        1497,
        499,
        998,
        499,
        499,
        499,
        0,
        0,
        null,
        0,
        null,
        null,
        null,
        null,
        null,
        1,
        null,
        null,
        null,
        null,
        null,
        null,
        null,
        null,
        null,
        null,
        null,
        null,
        null,
        null,
        null,
        null,
        null,
        null,
        null,
        null,
        null,
        null,
        null,
        null,
        null,
        null,
        null,
        null,
        null,
        null,
        null,
        null,
        null,
        null,
        null,
        1,
        null,
        92,
        92,
        null,
        null,
        71,
        null,
        null,
        0,
        null,
        null,
        7,
        null,
        null,
        7,
        null,
        null,
        7,
        null,
        null,
        0,
        null,
        null,
        0,
        null,
        null,
        0,
        null,
        0,
        null,
        null,
        null,
        null,
        null,
        1,
        null,
        121,
        null,
        null,
        null,
        null,
        null,
        null,
        null,
        null,
        null,
        null,
        null,
        null,
        null,
        null,
        null,
        null,
        null,
        null,
        1,
        4,
        null,
        null,
        4,
        null,
        null,
        null,
        4,
        4,
        null,
        null,
        null,
        null,
        4,
        4,
        null,
        null,
        null,
        null,
        null,
        4,
        null,
        4,
        null,
        null,
        null,
        1,
        2,
        null,
        2,
        2,
        null,
        null,
        1,
        2,
        null,
        2,
        2,
        null,
        null,
        1,
        0,
        null,
        0,
        0,
        null,
        null,
        1,
        0,
        null,
        0,
        0,
        null,
        null,
        1,
        0,
        null,
        0,
        0,
        null,
        null,
        1,
        0,
        null,
        0,
        0,
        null,
        null,
        null,
        1,
        0,
        null,
        null,
        null,
        1,
        1,
        null,
        null,
        1,
        1,
        null,
        null,
        null,
        1,
        1,
        null,
        null,
        1,
        1,
        null,
        null,
        null,
        1,
        0,
        null,
        null,
        1,
        0,
        null,
        null,
        null,
        1,
        0,
        0,
        null,
        0,
        null,
        0,
        null,
        null,
        null,
        1,
        0,
        0,
        null,
        0,
        null,
        0,
        null,
        0,
        null,
        null,
        null,
        1,
        0,
        null,
        null,
        null,
        1,
        0,
        null,
        null,
        1,
        0,
        null,
        null,
        null,
        1,
        0,
        null,
        null,
        1,
        0,
        null,
        null,
        null,
        1,
        0,
        null,
        null,
        1,
        0,
        null,
        null,
        null,
        1,
        0,
        null,
        null,
        1,
        0,
        null,
        null,
        null,
        1,
        1,
        null,
        null,
        1,
        1,
        null,
        null,
        null,
        1,
        4,
        1,
        null,
        3,
        null,
        null,
        null,
        null,
        null,
        null
      ],
      "/Users/scott/Documents/Software/suitesparse-matrix-collection-website/features/step_definitions/index_sorting_steps.rb": [
        1,
        9,
        9,
        null,
        null,
        null,
        1,
        3,
        null
      ],
      "/Users/scott/Documents/Software/suitesparse-matrix-collection-website/features/step_definitions/matrix_steps.rb": [
        1,
        1,
        null,
        1,
        29,
        120,
        null,
        null,
        null,
        1,
        36,
        null
      ],
      "/Users/scott/Documents/Software/suitesparse-matrix-collection-website/features/step_definitions/navigation_steps.rb": [
        1,
        2,
        2,
        null,
        null,
        null,
        1,
        4,
        4,
        null,
        null
      ],
      "/Users/scott/Documents/Software/suitesparse-matrix-collection-website/features/step_definitions/page_title_steps.rb": [
        1,
        1,
        1,
        null,
        1,
        1,
        null,
        null,
        1,
        1,
        null,
        null,
        1,
        5,
        null,
        null,
        1,
        4,
        4,
        null,
        0,
        null,
        null
      ],
      "/Users/scott/Documents/Software/suitesparse-matrix-collection-website/features/step_definitions/show_matrix_page_steps.rb": [
        1,
        16,
        null
      ],
      "/Users/scott/Documents/Software/suitesparse-matrix-collection-website/features/step_definitions/web_steps.rb": [
        null,
        null,
        null,
        null,
        null,
        null,
        null,
        null,
        null,
        null,
        null,
        null,
        null,
        null,
        null,
        null,
        null,
        null,
        null,
        null,
        null,
        1,
        1,
        1,
        1,
        null,
        1,
        1,
        0,
        null,
        null,
        1,
        null,
        null,
        1,
        0,
        null,
        null,
        null,
        1,
        0,
        null,
        null,
        1,
        29,
        null,
        null,
        1,
        1,
        null,
        null,
        1,
        3,
        null,
        null,
        1,
        3,
        null,
        null,
        1,
        24,
        null,
        null,
        1,
        0,
        null,
        null,
        1,
        2,
        null,
        null,
        null,
        null,
        null,
        null,
        null,
        null,
        null,
        null,
        null,
        null,
        null,
        1,
        0,
        0,
        null,
        null,
        null,
        1,
        7,
        null,
        null,
        1,
        3,
        null,
        null,
        1,
        0,
        null,
        null,
        1,
        0,
        null,
        null,
        1,
        0,
        null,
        null,
        1,
        28,
        28,
        null,
        0,
        null,
        null,
        null,
        1,
        0,
        null,
        0,
        0,
        null,
        0,
        null,
        null,
        null,
        1,
        25,
        25,
        null,
        0,
        null,
        null,
        null,
        1,
        0,
        null,
        0,
        0,
        null,
        0,
        null,
        null,
        null,
        1,
        0,
        0,
        0,
        0,
        0,
        null,
        0,
        null,
        null,
        null,
        null,
        1,
        0,
        0,
        0,
        0,
        0,
        null,
        0,
        null,
        null,
        null,
        null,
        1,
        0,
        0,
        null,
        0,
        0,
        0,
        null,
        0,
        0,
        null,
        0,
        null,
        null,
        0,
        0,
        0,
        0,
        null,
        0,
        null,
        null,
        0,
        0,
        0,
        null,
        0,
        null,
        null,
        null,
        null,
        1,
        0,
        0,
        0,
        0,
        0,
        null,
        0,
        0,
        null,
        null,
        null,
        1,
        0,
        0,
        0,
        0,
        null,
        0,
        null,
        null,
        null,
        null,
        1,
        0,
        0,
        0,
        0,
        null,
        0,
        null,
        null,
        null,
        null,
        1,
        3,
        3,
        3,
        null,
        0,
        null,
        null,
        null,
        1,
        0,
        0,
        0,
        0,
        null,
        0,
        0,
        null,
        0,
        null,
        null,
        null,
        1,
        0,
        null,
        null,
        null,
        1,
        11,
        null
      ],
      "/Users/scott/Documents/Software/suitesparse-matrix-collection-website/app/controllers/groups_controller.rb": [
        1,
        null,
        1,
        1,
        1,
        null,
        null,
        1,
        null,
        1,
        null,
        null,
        null,
        null,
        null,
        null,
        null,
        null,
        null,
        1,
        null,
        null,
        1,
        1,
        null,
        1,
        0,
        null,
        null,
        1,
        1,
        null,
        1,
        null,
        null,
        null,
        null,
        null,
        null,
        null,
        null,
        null,
        null
      ],
      "/Users/scott/Documents/Software/suitesparse-matrix-collection-website/app/controllers/application_controller.rb": [
        1,
        null,
        null,
        1,
        null
      ],
      "/Users/scott/Documents/Software/suitesparse-matrix-collection-website/app/helpers/application_helper.rb": [
        1,
        null,
        1,
        86,
        86,
        76,
        null,
        10,
        null,
        null,
        null,
        1,
        188,
        null,
        null,
        1,
        98,
        null,
        null,
        1,
        744,
        null,
        null,
        null,
        null,
        null,
        null,
        null
      ],
      "/Users/scott/Documents/Software/suitesparse-matrix-collection-website/app/helpers/groups_helper.rb": [
        1,
        null
      ],
      "/Users/scott/Documents/Software/suitesparse-matrix-collection-website/app/helpers/matrices_helper.rb": [
        1,
        null,
        null,
        null,
        1,
        99,
        99,
        1,
        null,
        99,
        null,
        null,
        null,
        1,
        null,
        0,
        0,
        null,
        0,
        null,
        0,
        null,
        null,
        null,
        1,
        0,
        null,
        null,
        null,
        0,
        0,
        0,
        0,
        null,
        null,
        null,
        0,
        null,
        null,
        1,
        776,
        776,
        776,
        1358,
        null,
        776,
        null,
        null,
        1,
        10,
        10,
        null,
        null,
        0,
        0,
        null,
        0,
        0,
        0,
        0,
        0,
        0,
        null,
        null,
        0,
        null,
        null,
        1,
        0,
        null,
        0,
        null,
        0,
        null,
        0,
        null,
        0,
        null,
        0,
        null,
        0,
        null,
        0,
        null,
        0,
        null,
        0,
        null,
        null,
        1,
        0,
        null,
        null,
        1,
        0,
        null,
        null,
        1,
        0,
        null,
        null,
        1,
        0,
        null,
        null,
        1,
        0,
        null,
        null,
        1,
        0,
        null,
        null,
        1,
        0,
        null,
        null,
        null,
        1,
        85,
        null,
        5,
        null,
        5,
        null,
        5,
        null,
        5,
        null,
        5,
        null,
        5,
        null,
        5,
        null,
        5,
        null,
        5,
        null,
        5,
        null,
        5,
        null,
        5,
        null,
        5,
        null,
        5,
        null,
        5,
        null,
        5,
        null,
        5,
        null,
        0,
        null,
        85,
        null,
        null
      ],
      "/Users/scott/Documents/Software/suitesparse-matrix-collection-website/app/helpers/will_paginate_helper.rb": [
        null,
        null,
        1,
        null,
        null,
        1,
        null,
        null,
        1,
        null,
        null,
        null,
        32,
        null,
        null,
        32,
        null,
        null,
        null,
        null
      ],
      "/Users/scott/Documents/Software/suitesparse-matrix-collection-website/app/controllers/matrices_controller.rb": [
        1,
        null,
        null,
        null,
        1,
        null,
        120,
        null,
        null,
        null,
        null,
        null,
        null,
        null,
        null,
        null,
        null,
        null,
        null,
        null,
        null,
        null,
        null,
        null,
        null,
        null,
        null,
        null,
        null,
        null,
        120,
        null,
        null,
        null,
        97,
        97,
        97,
        97,
        97,
        97,
        97,
        97,
        97,
        null,
        97,
        null,
        97,
        null,
        97,
        null,
        null,
        97,
        97,
        97,
        null,
        null,
        null,
        null,
        0,
        0,
        null,
        null,
        null,
        1,
        null,
        6,
        null,
        6,
        null,
        6,
        null,
        5,
        null,
        null,
        1,
        null,
        null,
        6,
        null,
        1,
        null,
        null,
        null,
        1,
        null,
        0,
        0,
        null,
        null,
        1,
        null,
        0,
        0,
        null,
        null,
        0,
        0,
        0,
        0,
        0,
        0,
        null,
        0,
        0,
        null,
        null,
        null,
        null
      ],
      "/Users/scott/Documents/Software/suitesparse-matrix-collection-website/app/controllers/pages_controller.rb": [
        1,
        1,
        null,
        null,
        null,
        1,
        null,
        null,
        null
      ]
    },
    "timestamp": 1540346720
  }
}
